[HYPERSIM: SCENE_ANNOTATION_TOOL] Loaded scene:   Fri Feb  7 15:07:42 2020
[HYPERSIM: SCENE_ANNOTATION_TOOL] Unloaded scene: Fri Feb  7 15:08:23 2020
[HYPERSIM: SCENE_ANNOTATION_TOOL] Loaded scene:   Fri Feb  7 15:08:24 2020
[HYPERSIM: SCENE_ANNOTATION_TOOL] Unloaded scene: Fri Feb  7 15:08:33 2020
[HYPERSIM: SCENE_ANNOTATION_TOOL] Loaded scene:   Fri Feb  7 15:08:33 2020
[HYPERSIM: SCENE_ANNOTATION_TOOL] Unloaded scene: Fri Feb  7 15:08:43 2020
[HYPERSIM: SCENE_ANNOTATION_TOOL] Loaded scene:   Fri Feb  7 15:08:43 2020
[HYPERSIM: SCENE_ANNOTATION_TOOL] Unloaded scene: Fri Feb  7 15:13:01 2020
[HYPERSIM: SCENE_ANNOTATION_TOOL] Loaded scene:   Fri Feb  7 15:13:01 2020
[HYPERSIM: SCENE_ANNOTATION_TOOL] Unloaded scene: Fri Feb  7 15:57:52 2020
[HYPERSIM: SCENE_ANNOTATION_TOOL] Loaded scene:   Fri Feb  7 15:58:00 2020
[HYPERSIM: SCENE_ANNOTATION_TOOL] Unloaded scene: Fri Feb  7 16:00:47 2020
[HYPERSIM: SCENE_ANNOTATION_TOOL] Loaded scene:   Sun Mar 22 15:53:02 2020
[HYPERSIM: SCENE_ANNOTATION_TOOL] Unloaded scene: Sun Mar 22 16:59:14 2020
[HYPERSIM: SCENE_ANNOTATION_TOOL] Loaded scene:   Fri Apr 17 12:51:47 2020
[HYPERSIM: SCENE_ANNOTATION_TOOL] Unloaded scene: Fri Apr 17 12:51:55 2020
[HYPERSIM: SCENE_ANNOTATION_TOOL] Loaded scene:   Fri Apr 17 12:51:56 2020
[HYPERSIM: SCENE_ANNOTATION_TOOL] Unloaded scene: Fri Apr 17 12:52:06 2020
[HYPERSIM: SCENE_ANNOTATION_TOOL] Loaded scene:   Fri Apr 17 12:55:04 2020
[HYPERSIM: SCENE_ANNOTATION_TOOL] Unloaded scene: Fri Apr 17 13:05:28 2020
[HYPERSIM: SCENE_ANNOTATION_TOOL] Loaded scene:   Fri Apr 17 13:20:58 2020
[HYPERSIM: SCENE_ANNOTATION_TOOL] Unloaded scene: Fri Apr 17 13:21:36 2020
[HYPERSIM: SCENE_ANNOTATION_TOOL] Loaded scene:   Fri Apr 17 13:22:18 2020
[HYPERSIM: SCENE_ANNOTATION_TOOL] Loaded scene:   Fri Apr 17 13:27:00 2020
[HYPERSIM: SCENE_ANNOTATION_TOOL] Loaded scene:   Fri Apr 17 13:30:02 2020
[HYPERSIM: SCENE_ANNOTATION_TOOL] Unloaded scene: Fri Apr 17 13:38:07 2020
[HYPERSIM: SCENE_ANNOTATION_TOOL] Loaded scene:   Fri Apr 17 13:39:12 2020
[HYPERSIM: SCENE_ANNOTATION_TOOL] Loaded scene:   Fri Apr 17 13:55:17 2020
[HYPERSIM: SCENE_ANNOTATION_TOOL] Unloaded scene: Fri Apr 17 14:19:44 2020
[HYPERSIM: SCENE_ANNOTATION_TOOL] Loaded scene:   Fri Apr 17 14:20:57 2020
[HYPERSIM: SCENE_ANNOTATION_TOOL] Unloaded scene: Fri Apr 17 14:27:46 2020
[HYPERSIM: SCENE_ANNOTATION_TOOL] Loaded scene:   Fri Apr 17 14:28:00 2020
[HYPERSIM: SCENE_ANNOTATION_TOOL] Unloaded scene: Fri Apr 17 14:34:11 2020
[HYPERSIM: SCENE_ANNOTATION_TOOL] Loaded scene:   Fri Apr 17 14:35:56 2020
[HYPERSIM: SCENE_ANNOTATION_TOOL] Unloaded scene: Fri Apr 17 14:37:26 2020
[HYPERSIM: SCENE_ANNOTATION_TOOL] Loaded scene:   Fri Apr 17 14:39:30 2020
[HYPERSIM: SCENE_ANNOTATION_TOOL] Unloaded scene: Fri Apr 17 14:41:43 2020
[HYPERSIM: SCENE_ANNOTATION_TOOL] Loaded scene:   Fri Apr 17 14:42:12 2020
[HYPERSIM: SCENE_ANNOTATION_TOOL] Unloaded scene: Fri Apr 17 14:43:36 2020
[HYPERSIM: SCENE_ANNOTATION_TOOL] Loaded scene:   Fri Apr 17 14:43:45 2020
[HYPERSIM: SCENE_ANNOTATION_TOOL] Loaded scene:   Fri Apr 17 14:48:06 2020
[HYPERSIM: SCENE_ANNOTATION_TOOL] Unloaded scene: Fri Apr 17 14:49:42 2020
[HYPERSIM: SCENE_ANNOTATION_TOOL] Loaded scene:   Fri Apr 17 14:50:22 2020
[HYPERSIM: SCENE_ANNOTATION_TOOL] Unloaded scene: Fri Apr 17 14:51:37 2020
