[HYPERSIM: SCENE_ANNOTATION_TOOL] Loaded scene:   Wed Feb 26 16:30:49 2020
[HYPERSIM: SCENE_ANNOTATION_TOOL] Unloaded scene: Wed Feb 26 16:31:02 2020
[HYPERSIM: SCENE_ANNOTATION_TOOL] Loaded scene:   Wed Feb 26 16:50:16 2020
[HYPERSIM: SCENE_ANNOTATION_TOOL] Unloaded scene: Wed Feb 26 16:51:13 2020
[HYPERSIM: SCENE_ANNOTATION_TOOL] Loaded scene:   Fri Feb 28 16:42:18 2020
[HYPERSIM: SCENE_ANNOTATION_TOOL] Unloaded scene: Fri Feb 28 17:04:38 2020
[HYPERSIM: SCENE_ANNOTATION_TOOL] Loaded scene:   Fri Feb 28 17:04:50 2020
[HYPERSIM: SCENE_ANNOTATION_TOOL] Unloaded scene: Fri Feb 28 17:05:52 2020
[HYPERSIM: SCENE_ANNOTATION_TOOL] Loaded scene:   Sat Feb 29 11:19:41 2020
[HYPERSIM: SCENE_ANNOTATION_TOOL] Unloaded scene: Sat Feb 29 11:20:51 2020
[HYPERSIM: SCENE_ANNOTATION_TOOL] Loaded scene:   Sat Feb 29 11:21:05 2020
[HYPERSIM: SCENE_ANNOTATION_TOOL] Unloaded scene: Sat Feb 29 11:22:02 2020
[HYPERSIM: SCENE_ANNOTATION_TOOL] Loaded scene:   Tue Mar 31 12:33:15 2020
[HYPERSIM: SCENE_ANNOTATION_TOOL] Unloaded scene: Tue Mar 31 12:33:34 2020
[HYPERSIM: SCENE_ANNOTATION_TOOL] Loaded scene:   Fri Apr 10 12:59:35 2020
[HYPERSIM: SCENE_ANNOTATION_TOOL] Unloaded scene: Fri Apr 10 13:02:13 2020
[HYPERSIM: SCENE_ANNOTATION_TOOL] Loaded scene:   Fri Apr 10 13:02:23 2020
[HYPERSIM: SCENE_ANNOTATION_TOOL] Unloaded scene: Fri Apr 10 13:03:00 2020
[HYPERSIM: SCENE_ANNOTATION_TOOL] Loaded scene:   Fri Apr 10 13:03:24 2020
[HYPERSIM: SCENE_ANNOTATION_TOOL] Unloaded scene: Fri Apr 10 13:03:51 2020
[HYPERSIM: SCENE_ANNOTATION_TOOL] Loaded scene:   Fri Apr 10 13:07:07 2020
[HYPERSIM: SCENE_ANNOTATION_TOOL] Unloaded scene: Fri Apr 10 13:08:15 2020
