[HYPERSIM: SCENE_ANNOTATION_TOOL] Loaded scene:   Tue Dec 31 14:15:01 2019
[HYPERSIM: SCENE_ANNOTATION_TOOL] Unloaded scene: Tue Dec 31 14:30:36 2019
[HYPERSIM: SCENE_ANNOTATION_TOOL] Loaded scene:   Tue Jan  7 11:57:18 2020
[HYPERSIM: SCENE_ANNOTATION_TOOL] Unloaded scene: Tue Jan  7 11:57:59 2020
[HYPERSIM: SCENE_ANNOTATION_TOOL] Loaded scene:   Tue Jan  7 11:59:39 2020
[HYPERSIM: SCENE_ANNOTATION_TOOL] Unloaded scene: Tue Jan  7 12:03:58 2020
[HYPERSIM: SCENE_ANNOTATION_TOOL] Loaded scene:   Tue Jan  7 12:04:26 2020
[HYPERSIM: SCENE_ANNOTATION_TOOL] Unloaded scene: Tue Jan  7 12:04:35 2020
[HYPERSIM: SCENE_ANNOTATION_TOOL] Loaded scene:   Tue Jan  7 12:09:43 2020
[HYPERSIM: SCENE_ANNOTATION_TOOL] Unloaded scene: Tue Jan  7 12:10:53 2020
[HYPERSIM: SCENE_ANNOTATION_TOOL] Loaded scene:   Tue Jan  7 12:11:43 2020
[HYPERSIM: SCENE_ANNOTATION_TOOL] Unloaded scene: Tue Jan  7 12:11:57 2020
[HYPERSIM: SCENE_ANNOTATION_TOOL] Loaded scene:   Tue Jan  7 12:13:12 2020
[HYPERSIM: SCENE_ANNOTATION_TOOL] Unloaded scene: Tue Jan  7 12:13:24 2020
[HYPERSIM: SCENE_ANNOTATION_TOOL] Loaded scene:   Tue Jan  7 12:27:16 2020
[HYPERSIM: SCENE_ANNOTATION_TOOL] Unloaded scene: Tue Jan  7 12:27:25 2020
[HYPERSIM: SCENE_ANNOTATION_TOOL] Loaded scene:   Tue Jan  7 12:28:01 2020
[HYPERSIM: SCENE_ANNOTATION_TOOL] Unloaded scene: Tue Jan  7 12:28:15 2020
[HYPERSIM: SCENE_ANNOTATION_TOOL] Loaded scene:   Tue Jan  7 12:28:48 2020
[HYPERSIM: SCENE_ANNOTATION_TOOL] Unloaded scene: Tue Jan  7 12:29:01 2020
[HYPERSIM: SCENE_ANNOTATION_TOOL] Loaded scene:   Sun Jan 19 00:01:15 2020
[HYPERSIM: SCENE_ANNOTATION_TOOL] Unloaded scene: Sun Jan 19 00:01:26 2020
[HYPERSIM: SCENE_ANNOTATION_TOOL] Loaded scene:   Sat Mar 21 18:50:50 2020
[HYPERSIM: SCENE_ANNOTATION_TOOL] Unloaded scene: Sat Mar 21 18:51:00 2020
